<?xml version="1.0" encoding="UTF-8"?>
<!-- Generated by org.testng.reporters.JUnitReportReporter -->
<testsuite skipped="0" hostname="DESKTOP-GNC5L7A" name="runCucumber.RunCucumberTest" tests="1" failures="0" timestamp="16 Jan 2020 00:47:01 GMT" time="7.072" errors="0">
  <testcase name="runScenario" time="7.072" classname="runCucumber.RunCucumberTest"/>
</testsuite> <!-- runCucumber.RunCucumberTest -->
